/*C1*/SET SCHEMA SYSTEM_LOBS
INSERT INTO BLOCKS VALUES(0,2147483647,0)
COMMIT
/*C2*/SET SCHEMA PUBLIC
create table application_user (id bigint generated by default as identity (start with 1), password varchar(255), role varchar(255), username varchar(255), primary key (id))
INSERT INTO APPLICATION_USER VALUES(1,'$2a$10$h3g1d2O9BVNKUq9sDdYu3etOdzEIoz8xlilHjz7mXM2dPapF7dpD.','ROLE_ADMIN','admin')
COMMIT
INSERT INTO APPLICATION_USER VALUES(2,'$2a$10$QEIvVSipUDEE98UYLwGBuuACl/QHoi7TQd1LRneK/My3Og3FQvqw2','ROLE_USER','user')
COMMIT
INSERT INTO APPLICATION_USER VALUES(3,'$2a$10$9zVhZkMUC30atFbr/Dq8TO7yZdy0cwUZfRBh8KlEam3yMYmln2gu.','ROLE_MANAGER','manager')
COMMIT
DISCONNECT
/*C3*/SET SCHEMA PUBLIC
DISCONNECT
/*C4*/SET SCHEMA PUBLIC
DISCONNECT
/*C5*/SET SCHEMA PUBLIC
DISCONNECT
/*C6*/SET SCHEMA PUBLIC
DISCONNECT
/*C7*/SET SCHEMA PUBLIC
DISCONNECT
/*C8*/SET SCHEMA PUBLIC
DISCONNECT
/*C9*/SET SCHEMA PUBLIC
DISCONNECT
/*C10*/SET SCHEMA PUBLIC
DISCONNECT
/*C11*/SET SCHEMA PUBLIC
DISCONNECT
